Change component parameters: Designator = "C1" ("C1"); Footprint = "C0603C104K5RACAUTO"; UniqueID = "\KACYDYBB" ("\KACYDYBB")
Change component parameters (AddParameter): Name = "Supplier 1"; Value = "Digi-Key"; VariantName = "[No Variations]"
Change component parameters (AddParameter): Name = "Supplier Part Number 1"; Value = "399-6856-2-ND"; VariantName = "[No Variations]"
Change component parameters: Designator = "C2" ("C2"); Footprint = "C0603C104K5RACAUTO"; UniqueID = "\YKMLBAAR" ("\YKMLBAAR")
Change component parameters (AddParameter): Name = "Supplier 1"; Value = "Digi-Key"; VariantName = "[No Variations]"
Change component parameters (AddParameter): Name = "Supplier Part Number 1"; Value = "399-6856-2-ND"; VariantName = "[No Variations]"
Change component parameters: Designator = "C3" ("C3"); Footprint = "C0603C103J8RACTU"; UniqueID = "\KRXGGWPF" ("\KRXGGWPF")
Change component parameters (AddParameter): Name = "Altezza"; Value = "-"; VariantName = "[No Variations]"
Change component parameters (AddParameter): Name = "Capacitanza"; Value = "0.01 uF"; VariantName = "[No Variations]"
Change component parameters (AddParameter): Name = "Categoria prodotto"; Value = "0603 SMD Ceramic Chip Capacitors"; VariantName = "[No Variations]"
Change component parameters (AddParameter): Name = "Category"; Value = "Condensatori in ceramica multistrato MLCC - SMD/SMT"; VariantName = "[No Variations]"
Change component parameters (AddParameter): Name = "Classe"; Value = "Class 2"; VariantName = "[No Variations]"
Change component parameters (AddParameter): Name = "Codice involucro - mm"; Value = "1608"; VariantName = "[No Variations]"
Change component parameters (AddParameter): Name = "Codice involucro - poll."; Value = "0603"; VariantName = "[No Variations]"
Change component parameters (AddParameter): Name = "ComponentLink1Description"; Value = "http://www.mouser.com/ds/2/212/KEM_C1002_X7R_SMD-357932.pdf"; VariantName = "[No Variations]"
Change component parameters (AddParameter): Name = "ComponentLink1URL"; Value = "http://www.mouser.com/ds/2/212/KEM_C1002_X7R_SMD-357932.pdf"; VariantName = "[No Variations]"
Change component parameters (AddParameter): Name = "Confezione"; Value = "Reel"; VariantName = "[No Variations]"
Change component parameters (AddParameter): Name = "In dielettrico"; Value = "X7R"; VariantName = "[No Variations]"
Change component parameters (AddParameter): Name = "Larghezza"; Value = "0.8 mm"; VariantName = "[No Variations]"
Change component parameters (AddParameter): Name = "Lunghezza"; Value = "1.6 mm"; VariantName = "[No Variations]"
Change component parameters (AddParameter): Name = "Manufacturer"; Value = "Kemet"; VariantName = "[No Variations]"
Change component parameters (AddParameter): Name = "Manufacturer Part Number"; Value = "C0603C103J8RACTU"; VariantName = "[No Variations]"
Change component parameters (AddParameter): Name = "Marchio"; Value = "Kemet"; VariantName = "[No Variations]"
Change component parameters (AddParameter): Name = "Minimum Order Quantity"; Value = "1"; VariantName = "[No Variations]"
Change component parameters (AddParameter): Name = "Package/involucro"; Value = "0603 (1608 metric)"; VariantName = "[No Variations]"
Change component parameters (AddParameter): Name = "Prodotto"; Value = "General Type MLCCs"; VariantName = "[No Variations]"
Change component parameters (AddParameter): Name = "Produttore"; Value = "Kemet"; VariantName = "[No Variations]"
Change component parameters (AddParameter): Name = "Quantità collo standard"; Value = "4000"; VariantName = "[No Variations]"
Change component parameters (AddParameter): Name = "Reeling"; Value = "True"; VariantName = "[No Variations]"
Change component parameters (AddParameter): Name = "RoHS"; Value = "RoHS Compliant"; VariantName = "[No Variations]"
Change component parameters (AddParameter): Name = "RoHS - Mouser"; Value = "Y"; VariantName = "[No Variations]"
Change component parameters (AddParameter): Name = "Serie"; Value = "C0603C"; VariantName = "[No Variations]"
Change component parameters (AddParameter): Name = "Stile di terminazione"; Value = "SMD/SMT"; VariantName = "[No Variations]"
Change component parameters (AddParameter): Name = "Stock 1"; Value = "10774"; VariantName = "[No Variations]"
Change component parameters (AddParameter): Name = "Supplier 1"; Value = "Mouser"; VariantName = "[No Variations]"
Change component parameters (AddParameter): Name = "Supplier Part Number 1"; Value = "80-C0603C103J8R"; VariantName = "[No Variations]"
Change component parameters (AddParameter): Name = "Temperatura di lavoro massima"; Value = "+ 125 C"; VariantName = "[No Variations]"
Change component parameters (AddParameter): Name = "Temperatura di lavoro minima"; Value = "- 55 C"; VariantName = "[No Variations]"
Change component parameters (AddParameter): Name = "Tensione nominale CA"; Value = "-"; VariantName = "[No Variations]"
Change component parameters (AddParameter): Name = "Tensione nominale CC"; Value = "10 VDC"; VariantName = "[No Variations]"
Change component parameters (AddParameter): Name = "Tipo"; Value = "SMD MLCC X7R 6.3 - 250 VDC Commerical Grade"; VariantName = "[No Variations]"
Change component parameters (AddParameter): Name = "Tolleranza"; Value = "5 %"; VariantName = "[No Variations]"
Change component parameters: Designator = "IN" ("IN"); Footprint = "SM10B-XSRS-ETB"; UniqueID = "\FWGHERQX" ("\FWGHERQX")
Change component parameters (AddParameter): Name = "Catalogue Price"; Value = "1,192"; VariantName = "[No Variations]"
Change component parameters (AddParameter): Name = "Category"; Value = "Connecteurs"; VariantName = "[No Variations]"
Change component parameters (AddParameter): Name = "ComponentLink1Description"; Value = "http://datasheet.octopart.com/SM10B-XSRS-ETB-JST-datasheet-12514066.pdf"; VariantName = "[No Variations]"
Change component parameters (AddParameter): Name = "ComponentLink1URL"; Value = "http://datasheet.octopart.com/SM10B-XSRS-ETB-JST-datasheet-12514066.pdf"; VariantName = "[No Variations]"
Change component parameters (AddParameter): Name = "ComponentLink2Description"; Value = "http://www.farnell.com/datasheets/1706598.pdf"; VariantName = "[No Variations]"
Change component parameters (AddParameter): Name = "ComponentLink2URL"; Value = "http://www.farnell.com/datasheets/1706598.pdf"; VariantName = "[No Variations]"
Change component parameters (AddParameter): Name = "Contact Material"; Value = "Copper"; VariantName = "[No Variations]"
Change component parameters (AddParameter): Name = "Contact Plating"; Value = "Tin"; VariantName = "[No Variations]"
Change component parameters (AddParameter): Name = "Contact Termination Type"; Value = "Through Hole"; VariantName = "[No Variations]"
Change component parameters (AddParameter): Name = "contact_material"; Value = "Copper"; VariantName = "[No Variations]"
Change component parameters (AddParameter): Name = "contact_plating"; Value = "Tin"; VariantName = "[No Variations]"
Change component parameters (AddParameter): Name = "Courant"; Value = "0.2A"; VariantName = "[No Variations]"
Change component parameters (AddParameter): Name = "Currency"; Value = "EUR"; VariantName = "[No Variations]"
Change component parameters (AddParameter): Name = "gender"; Value = "Male"; VariantName = "[No Variations]"
Change component parameters (AddParameter): Name = "Manufacturer"; Value = "JST"; VariantName = "[No Variations]"
Change component parameters (AddParameter): Name = "Manufacturer Part Number"; Value = "SM10B-XSRS-ETB"; VariantName = "[No Variations]"
Change component parameters (AddParameter): Name = "Matériau du contact"; Value = "Alliage de cuivre"; VariantName = "[No Variations]"
Change component parameters (AddParameter): Name = "Minimum Order Quantity"; Value = "5"; VariantName = "[No Variations]"
Change component parameters (AddParameter): Name = "mounting_style"; Value = "Through Hole"; VariantName = "[No Variations]"
Change component parameters (AddParameter): Name = "Méthode de raccordement"; Value = "Montage en surface"; VariantName = "[No Variations]"
Change component parameters (AddParameter): Name = "No. of Contacts"; Value = "10"; VariantName = "[No Variations]"
Change component parameters (AddParameter): Name = "No. of Rows"; Value = "1"; VariantName = "[No Variations]"
Change component parameters (AddParameter): Name = "Nombre de contacts"; Value = "10"; VariantName = "[No Variations]"
Change component parameters (AddParameter): Name = "Nombre de rangées"; Value = "1"; VariantName = "[No Variations]"
Change component parameters (AddParameter): Name = "number_of_contacts"; Value = "10"; VariantName = "[No Variations]"
Change component parameters (AddParameter): Name = "Numéro de série"; Value = "SM10B"; VariantName = "[No Variations]"
Change component parameters (AddParameter): Name = "Octopart Url"; Value = "http://octopart.com/sm10b-xsrs-etb-jst-29522047"; VariantName = "[No Variations]"
Change component parameters (AddParameter): Name = "OctopartID"; Value = "60b7a87f3daebf70"; VariantName = "[No Variations]"
Change component parameters (AddParameter): Name = "Orientation du corps"; Value = "Droit"; VariantName = "[No Variations]"
Change component parameters (AddParameter): Name = "Pas"; Value = "0.6mm"; VariantName = "[No Variations]"
Change component parameters (AddParameter): Name = "Pitch Spacing"; Value = "0.6"; VariantName = "[No Variations]"
Change component parameters (AddParameter): Name = "Product Range"; Value = "XSR Series"; VariantName = "[No Variations]"
Change component parameters (AddParameter): Name = "Product Status"; Value = "IN_STOCK"; VariantName = "[No Variations]"
Change component parameters (AddParameter): Name = "Product StockNumber"; Value = "820-1677"; VariantName = "[No Variations]"
Change component parameters (AddParameter): Name = "RoHS"; Value = "YES"; VariantName = "[No Variations]"
Change component parameters (AddParameter): Name = "rohs_status"; Value = "Compliant"; VariantName = "[No Variations]"
Change component parameters (AddParameter): Name = "Seller Landing  Url"; Value = "https://octopart-clicks.com/click/track?country=IT&ak=8157f166&sig=06796d5&sid=2402&ppid=29522047&vpid=200245201&ct=offers"; VariantName = "[No Variations]"
Change component parameters (AddParameter): Name = "Stock 1"; Value = "0"; VariantName = "[No Variations]"
Change component parameters (AddParameter): Name = "Stock 2"; Value = "0"; VariantName = "[No Variations]"
Change component parameters (AddParameter): Name = "Supplier 1"; Value = "Newark"; VariantName = "[No Variations]"
Change component parameters (AddParameter): Name = "Supplier 2"; Value = "RS-Components"; VariantName = "[No Variations]"
Change component parameters (AddParameter): Name = "Supplier Part Number 1"; Value = "90W0858"; VariantName = "[No Variations]"
Change component parameters (AddParameter): Name = "Supplier Part Number 2"; Value = "820-1677"; VariantName = "[No Variations]"
Change component parameters (AddParameter): Name = "Séries"; Value = "XSR"; VariantName = "[No Variations]"
Change component parameters (AddParameter): Name = "Tension"; Value = "30 V c.a./c.c."; VariantName = "[No Variations]"
Change component parameters (AddParameter): Name = "Type"; Value = "Fil à carte"; VariantName = "[No Variations]"
Change component parameters: Designator = "MPU-9250" ("MPU-9250"); Footprint = "MPU-2950"; UniqueID = "\JDEHHNPN" ("\JDEHHNPN")
Change component parameters (AddParameter): Name = "Category"; Value = "Sensori, Trasduttori"; VariantName = "[No Variations]"
Change component parameters (AddParameter): Name = "ComponentLink1Description"; Value = "http://store.invensense.com/datasheets/invensense/MPU9250REV1.0.pdf"; VariantName = "[No Variations]"
Change component parameters (AddParameter): Name = "ComponentLink1URL"; Value = "http://store.invensense.com/datasheets/invensense/MPU9250REV1.0.pdf"; VariantName = "[No Variations]"
Change component parameters (AddParameter): Name = "Manufacturer"; Value = "InvenSense"; VariantName = "[No Variations]"
Change component parameters (AddParameter): Name = "Manufacturer Part Number"; Value = "MPU-9250"; VariantName = "[No Variations]"
Change component parameters (AddParameter): Name = "RoHS"; Value = "RoHS Compliant"; VariantName = "[No Variations]"
Change component parameters (AddParameter): Name = "Stock 1"; Value = "25406"; VariantName = "[No Variations]"
Change component parameters (AddParameter): Name = "Supplier 1"; Value = "Digi-Key"; VariantName = "[No Variations]"
Change component parameters (AddParameter): Name = "Supplier Part Number 1"; Value = "1428-1019-1-ND"; VariantName = "[No Variations]"
Change component parameters (AddParameter): Name = "Tipo di uscita"; Value = "I²C, SPI"; VariantName = "[No Variations]"
Change component parameters (AddParameter): Name = "Tipo sensore"; Value = "Accelerometro, giroscopio, magnetometro, 3 assi"; VariantName = "[No Variations]"
Change component parameters: Designator = "OUT" ("OUT"); Footprint = "SM10B-XSRS-ETB"; UniqueID = "\CVKCHPAM" ("\CVKCHPAM")
Change component parameters (AddParameter): Name = "Catalogue Price"; Value = "1,192"; VariantName = "[No Variations]"
Change component parameters (AddParameter): Name = "Category"; Value = "Connecteurs"; VariantName = "[No Variations]"
Change component parameters (AddParameter): Name = "ComponentLink1Description"; Value = "http://datasheet.octopart.com/SM10B-XSRS-ETB-JST-datasheet-12514066.pdf"; VariantName = "[No Variations]"
Change component parameters (AddParameter): Name = "ComponentLink1URL"; Value = "http://datasheet.octopart.com/SM10B-XSRS-ETB-JST-datasheet-12514066.pdf"; VariantName = "[No Variations]"
Change component parameters (AddParameter): Name = "ComponentLink2Description"; Value = "http://www.farnell.com/datasheets/1706598.pdf"; VariantName = "[No Variations]"
Change component parameters (AddParameter): Name = "ComponentLink2URL"; Value = "http://www.farnell.com/datasheets/1706598.pdf"; VariantName = "[No Variations]"
Change component parameters (AddParameter): Name = "Contact Material"; Value = "Copper"; VariantName = "[No Variations]"
Change component parameters (AddParameter): Name = "Contact Plating"; Value = "Tin"; VariantName = "[No Variations]"
Change component parameters (AddParameter): Name = "Contact Termination Type"; Value = "Through Hole"; VariantName = "[No Variations]"
Change component parameters (AddParameter): Name = "contact_material"; Value = "Copper"; VariantName = "[No Variations]"
Change component parameters (AddParameter): Name = "contact_plating"; Value = "Tin"; VariantName = "[No Variations]"
Change component parameters (AddParameter): Name = "Courant"; Value = "0.2A"; VariantName = "[No Variations]"
Change component parameters (AddParameter): Name = "Currency"; Value = "EUR"; VariantName = "[No Variations]"
Change component parameters (AddParameter): Name = "gender"; Value = "Male"; VariantName = "[No Variations]"
Change component parameters (AddParameter): Name = "Manufacturer"; Value = "JST"; VariantName = "[No Variations]"
Change component parameters (AddParameter): Name = "Manufacturer Part Number"; Value = "SM10B-XSRS-ETB"; VariantName = "[No Variations]"
Change component parameters (AddParameter): Name = "Matériau du contact"; Value = "Alliage de cuivre"; VariantName = "[No Variations]"
Change component parameters (AddParameter): Name = "Minimum Order Quantity"; Value = "5"; VariantName = "[No Variations]"
Change component parameters (AddParameter): Name = "mounting_style"; Value = "Through Hole"; VariantName = "[No Variations]"
Change component parameters (AddParameter): Name = "Méthode de raccordement"; Value = "Montage en surface"; VariantName = "[No Variations]"
Change component parameters (AddParameter): Name = "No. of Contacts"; Value = "10"; VariantName = "[No Variations]"
Change component parameters (AddParameter): Name = "No. of Rows"; Value = "1"; VariantName = "[No Variations]"
Change component parameters (AddParameter): Name = "Nombre de contacts"; Value = "10"; VariantName = "[No Variations]"
Change component parameters (AddParameter): Name = "Nombre de rangées"; Value = "1"; VariantName = "[No Variations]"
Change component parameters (AddParameter): Name = "number_of_contacts"; Value = "10"; VariantName = "[No Variations]"
Change component parameters (AddParameter): Name = "Numéro de série"; Value = "SM10B"; VariantName = "[No Variations]"
Change component parameters (AddParameter): Name = "Octopart Url"; Value = "http://octopart.com/sm10b-xsrs-etb-jst-29522047"; VariantName = "[No Variations]"
Change component parameters (AddParameter): Name = "OctopartID"; Value = "60b7a87f3daebf70"; VariantName = "[No Variations]"
Change component parameters (AddParameter): Name = "Orientation du corps"; Value = "Droit"; VariantName = "[No Variations]"
Change component parameters (AddParameter): Name = "Pas"; Value = "0.6mm"; VariantName = "[No Variations]"
Change component parameters (AddParameter): Name = "Pitch Spacing"; Value = "0.6"; VariantName = "[No Variations]"
Change component parameters (AddParameter): Name = "Product Range"; Value = "XSR Series"; VariantName = "[No Variations]"
Change component parameters (AddParameter): Name = "Product Status"; Value = "IN_STOCK"; VariantName = "[No Variations]"
Change component parameters (AddParameter): Name = "Product StockNumber"; Value = "820-1677"; VariantName = "[No Variations]"
Change component parameters (AddParameter): Name = "RoHS"; Value = "YES"; VariantName = "[No Variations]"
Change component parameters (AddParameter): Name = "rohs_status"; Value = "Compliant"; VariantName = "[No Variations]"
Change component parameters (AddParameter): Name = "Seller Landing  Url"; Value = "https://octopart-clicks.com/click/track?country=IT&ak=8157f166&sig=06796d5&sid=2402&ppid=29522047&vpid=200245201&ct=offers"; VariantName = "[No Variations]"
Change component parameters (AddParameter): Name = "Stock 1"; Value = "0"; VariantName = "[No Variations]"
Change component parameters (AddParameter): Name = "Stock 2"; Value = "0"; VariantName = "[No Variations]"
Change component parameters (AddParameter): Name = "Supplier 1"; Value = "Newark"; VariantName = "[No Variations]"
Change component parameters (AddParameter): Name = "Supplier 2"; Value = "RS-Components"; VariantName = "[No Variations]"
Change component parameters (AddParameter): Name = "Supplier Part Number 1"; Value = "90W0858"; VariantName = "[No Variations]"
Change component parameters (AddParameter): Name = "Supplier Part Number 2"; Value = "820-1677"; VariantName = "[No Variations]"
Change component parameters (AddParameter): Name = "Séries"; Value = "XSR"; VariantName = "[No Variations]"
Change component parameters (AddParameter): Name = "Tension"; Value = "30 V c.a./c.c."; VariantName = "[No Variations]"
Change component parameters (AddParameter): Name = "Type"; Value = "Fil à carte"; VariantName = "[No Variations]"
Added Component: Designator=IC?(SOT95P237X112-3N)
Add component (AddParameter): Name = "Arrow Part Number"; Value = "TPS7A0533PDBZR"; VariantName = "[No Variations]"
Add component (AddParameter): Name = "Arrow Price/Stock"; Value = "https://www.arrow.com/en/products/tps7a0533pdbzr/texas-instruments?region=nac"; VariantName = "[No Variations]"
Add component (AddParameter): Name = "Datasheet Link"; Value = "https://www.ti.com/lit/gpn/TPS7A05"; VariantName = "[No Variations]"
Add component (AddParameter): Name = "Height"; Value = "1.12mm"; VariantName = "[No Variations]"
Add component (AddParameter): Name = "Manufacturer_Name"; Value = "Texas Instruments"; VariantName = "[No Variations]"
Add component (AddParameter): Name = "Manufacturer_Part_Number"; Value = "TPS7A0533PDBZR"; VariantName = "[No Variations]"
Add component (AddParameter): Name = "Mouser Part Number"; Value = "595-TPS7A0533PDBZR"; VariantName = "[No Variations]"
Add component (AddParameter): Name = "Mouser Price/Stock"; Value = "https://www.mouser.co.uk/ProductDetail/Texas-Instruments/TPS7A0533PDBZR?qs=XeJtXLiO41SvDtfTV1kb9A%3D%3D"; VariantName = "[No Variations]"
Added Member To Class: ClassName=qbI0000115v1.1.1 Member=Component IC? TPS7A0533PDBZR
