Removed Pin From Net: NetName=SDO_1V8 Pin=U11-1
Removed Pin From Net: NetName=INT1 Pin=U11-4
Removed Pin From Net: NetName=1V8 Pin=U11-5
Removed Pin From Net: NetName=GND Pin=U11-6
Removed Pin From Net: NetName=GND Pin=U11-7
Removed Pin From Net: NetName=1V8 Pin=U11-8
Removed Pin From Net: NetName=Csi_1V8 Pin=U11-12
Removed Pin From Net: NetName=SCK_1V8 Pin=U11-13
Removed Pin From Net: NetName=SDI_1V8 Pin=U11-14
Removed Member From Class: ClassName=IMU_PCB_2024 Member=U11
Added Component: Designator=U1(LSM6)
Add component (AddParameter): Name = "Mfr_Name"; Value = "STMicroelectronics"; VariantName = "[No Variations]"
Add component (AddParameter): Name = "RefDes"; Value = "RefDes"; VariantName = "[No Variations]"
Add component (AddParameter): Name = "Type"; Value = "Type"; VariantName = "[No Variations]"
Added Pin To Net: NetName=SDO_1V8 Pin=U1-1
Added Pin To Net: NetName=INT1 Pin=U1-4
Added Pin To Net: NetName=1V8 Pin=U1-5
Added Pin To Net: NetName=GND Pin=U1-6
Added Pin To Net: NetName=GND Pin=U1-7
Added Pin To Net: NetName=1V8 Pin=U1-8
Added Pin To Net: NetName=Csi_1V8 Pin=U1-12
Added Pin To Net: NetName=SCK_1V8 Pin=U1-13
Added Pin To Net: NetName=SDI_1V8 Pin=U1-14
Added Pin To Net: NetName=NetU1_2 Pin=U1-2
Added Pin To Net: NetName=NetU1_2 Pin=U2-4
Added Net: Name=NetU1_2
Added Pin To Net: NetName=NetU1_3 Pin=U1-3
Added Pin To Net: NetName=NetU1_3 Pin=U2-1
Added Net: Name=NetU1_3
Added Member To Class: ClassName=IMU_PCB_2024 Member=Component U1 LSM6DSRXTR
